Determining if the include file pthread.h exists failed with the following output:
Change Dir: D:/MY STUFF/Code/CPP/GuesserGame/out/build/x64-debug/CMakeFiles/CMakeTmp

Run Build Command(s):C:/Program Files/Microsoft Visual Studio/2022/Community/Common7/IDE/CommonExtensions/Microsoft/CMake/Ninja/ninja.exe cmTC_3539c && [1/2] Building CXX object CMakeFiles\cmTC_3539c.dir\CheckIncludeFile.cxx.obj
FAILED: CMakeFiles/cmTC_3539c.dir/CheckIncludeFile.cxx.obj 
C:\PROGRA~1\MICROS~4\2022\COMMUN~1\VC\Tools\MSVC\1431~1.311\bin\Hostx64\x64\cl.exe  /nologo /TP   /DWIN32 /D_WINDOWS /W3 /GR /EHsc  /MDd /Zi /Ob0 /Od /RTC1 /showIncludes /FoCMakeFiles\cmTC_3539c.dir\CheckIncludeFile.cxx.obj /FdCMakeFiles\cmTC_3539c.dir\ /FS -c "D:\MY STUFF\Code\CPP\GuesserGame\out\build\x64-debug\CMakeFiles\CMakeTmp\CheckIncludeFile.cxx"
D:\MY STUFF\Code\CPP\GuesserGame\out\build\x64-debug\CMakeFiles\CMakeTmp\CheckIncludeFile.cxx(1): fatal error C1083: Cannot open include file: 'pthread.h': No such file or directory
ninja: build stopped: subcommand failed.



